  World.cpp
C:\Users\Emile\Desktop\Recherches\Human Academy\Emile-GPro2\Project\ConsoleApplication1\Entity.h(91,51): warning C4244: 'return' : conversion de 'float' en 'int', perte possible de données
C:\Users\Emile\Desktop\Recherches\Human Academy\Emile-GPro2\Project\ConsoleApplication1\Entity.h(176,14): warning C4244: 'initialisation' : conversion de 'float' en 'int', perte possible de données
C:\Users\Emile\Desktop\Recherches\Human Academy\Emile-GPro2\Project\ConsoleApplication1\World.h(50,57): warning C4244: 'argument' : conversion de 'T' en 'float', perte possible de données
          with
          [
              T=unsigned int
          ]
C:\Users\Emile\Desktop\Recherches\Human Academy\Emile-GPro2\Project\ConsoleApplication1\World.h(50,35): warning C4244: 'argument' : conversion de 'T' en 'float', perte possible de données
          with
          [
              T=unsigned int
          ]
C:\Users\Emile\Desktop\Recherches\Human Academy\Emile-GPro2\Project\ConsoleApplication1\World.h(51,48): warning C4244: 'argument' : conversion de 'T' en 'float', perte possible de données
          with
          [
              T=unsigned int
          ]
C:\Users\Emile\Desktop\Recherches\Human Academy\Emile-GPro2\Project\ConsoleApplication1\World.h(51,30): warning C4244: 'argument' : conversion de 'T' en 'float', perte possible de données
          with
          [
              T=unsigned int
          ]
C:\Users\Emile\Desktop\Recherches\Human Academy\Emile-GPro2\Project\ConsoleApplication1\World.h(162,59): warning C4244: 'argument' : conversion de 'T' en 'float', perte possible de données
          with
          [
              T=unsigned int
          ]
C:\Users\Emile\Desktop\Recherches\Human Academy\Emile-GPro2\Project\ConsoleApplication1\World.h(162,29): warning C4244: 'argument' : conversion de 'T' en 'float', perte possible de données
          with
          [
              T=unsigned int
          ]
C:\Users\Emile\Desktop\Recherches\Human Academy\Emile-GPro2\Project\ConsoleApplication1\World.h(196,102): warning C4244: 'argument' : conversion de 'int' en 'T', perte possible de données
          with
          [
              T=float
          ]
C:\Users\Emile\Desktop\Recherches\Human Academy\Emile-GPro2\Project\ConsoleApplication1\World.h(196,50): warning C4244: 'argument' : conversion de 'int' en 'T', perte possible de données
          with
          [
              T=float
          ]
C:\Users\Emile\Desktop\Recherches\Human Academy\Emile-GPro2\Project\ConsoleApplication1\World.h(197,68): warning C4244: 'argument' : conversion de 'T' en 'T', perte possible de données
          with
          [
              T=unsigned int
          ]
          and
          [
              T=float
          ]
C:\Users\Emile\Desktop\Recherches\Human Academy\Emile-GPro2\Project\ConsoleApplication1\World.h(197,43): warning C4244: 'argument' : conversion de 'T' en 'T', perte possible de données
          with
          [
              T=unsigned int
          ]
          and
          [
              T=float
          ]
C:\Users\Emile\Desktop\Recherches\Human Academy\Emile-GPro2\Project\ConsoleApplication1\Tool.hpp(75,23): warning C4244: 'return' : conversion de 'double' en 'float', perte possible de données
C:\Users\Emile\Desktop\Recherches\Human Academy\Emile-GPro2\Project\ConsoleApplication1\Audio.h(27,11): warning C4244: '=' : conversion de 'int' en 'float', perte possible de données
C:\Users\Emile\Desktop\Recherches\Human Academy\Emile-GPro2\Project\ConsoleApplication1\Audio.h(28,19): warning C4244: 'argument' : conversion de 'int' en 'float', perte possible de données
C:\Users\Emile\Desktop\Recherches\Human Academy\Emile-GPro2\Project\ConsoleApplication1\Audio.h(70,17): warning C4244: 'argument' : conversion de 'float' en 'int', perte possible de données
C:\Users\Emile\Desktop\Recherches\Human Academy\Emile-GPro2\Project\ConsoleApplication1\Audio.h(73,17): warning C4244: 'argument' : conversion de 'float' en 'int', perte possible de données
C:\Users\Emile\Desktop\Recherches\Human Academy\Emile-GPro2\Project\ConsoleApplication1\Audio.h(76,17): warning C4244: 'argument' : conversion de 'float' en 'int', perte possible de données
C:\Users\Emile\Desktop\Recherches\Human Academy\Emile-GPro2\Project\ConsoleApplication1\Audio.h(79,18): warning C4244: 'argument' : conversion de 'float' en 'int', perte possible de données
C:\Users\Emile\Desktop\Recherches\Human Academy\Emile-GPro2\Project\ConsoleApplication1\Audio.h(82,16): warning C4244: 'argument' : conversion de 'float' en 'int', perte possible de données
C:\Users\Emile\Desktop\Recherches\Human Academy\Emile-GPro2\Project\ConsoleApplication1\World.cpp(15,26): warning C4244: '-=' : conversion de 'double' en 'float', perte possible de données
C:\Users\Emile\Desktop\Recherches\Human Academy\Emile-GPro2\Project\ConsoleApplication1\World.cpp(17,17): warning C4244: '-=' : conversion de 'double' en 'float', perte possible de données
C:\Users\Emile\Desktop\Recherches\Human Academy\Emile-GPro2\Project\ConsoleApplication1\World.cpp(20,64): warning C4244: 'argument' : conversion de 'T' en 'float', perte possible de données
          with
          [
              T=unsigned int
          ]
C:\Users\Emile\Desktop\Recherches\Human Academy\Emile-GPro2\Project\ConsoleApplication1\World.cpp(20,39): warning C4244: 'argument' : conversion de 'T' en 'float', perte possible de données
          with
          [
              T=unsigned int
          ]
C:\Users\Emile\Desktop\Recherches\Human Academy\Emile-GPro2\Project\ConsoleApplication1\World.cpp(118,65): warning C4244: '+=' : conversion de 'float' en 'int', perte possible de données
C:\Users\Emile\Desktop\Recherches\Human Academy\Emile-GPro2\Project\ConsoleApplication1\World.cpp(121,24): warning C4244: '=' : conversion de 'double' en 'float', perte possible de données
C:\Users\Emile\Desktop\Recherches\Human Academy\Emile-GPro2\Project\ConsoleApplication1\World.cpp(128,59): warning C4244: 'argument' : conversion de 'int' en 'float', perte possible de données
C:\Users\Emile\Desktop\Recherches\Human Academy\Emile-GPro2\Project\ConsoleApplication1\World.cpp(133,42): warning C4244: '=' : conversion de 'double' en 'float', perte possible de données
C:\Users\Emile\Desktop\Recherches\Human Academy\Emile-GPro2\Project\ConsoleApplication1\World.cpp(134,42): warning C4244: '=' : conversion de 'double' en 'float', perte possible de données
C:\Users\Emile\Desktop\Recherches\Human Academy\Emile-GPro2\Project\ConsoleApplication1\World.cpp(151,18): warning C4244: '*=' : conversion de 'double' en 'T', perte possible de données
          with
          [
              T=float
          ]
C:\Users\Emile\Desktop\Recherches\Human Academy\Emile-GPro2\Project\ConsoleApplication1\World.cpp(152,18): warning C4244: '*=' : conversion de 'double' en 'T', perte possible de données
          with
          [
              T=float
          ]
C:\Users\Emile\Desktop\Recherches\Human Academy\Emile-GPro2\Project\ConsoleApplication1\World.cpp(286,63): warning C4244: 'argument' : conversion de 'int' en 'float', perte possible de données
C:\Users\Emile\Desktop\Recherches\Human Academy\Emile-GPro2\Project\ConsoleApplication1\World.cpp(286,17): warning C4244: '=' : conversion de 'float' en 'sf::Uint8', perte possible de données
C:\Users\Emile\Desktop\Recherches\Human Academy\Emile-GPro2\Project\ConsoleApplication1\World.cpp(287,63): warning C4244: 'argument' : conversion de 'int' en 'float', perte possible de données
C:\Users\Emile\Desktop\Recherches\Human Academy\Emile-GPro2\Project\ConsoleApplication1\World.cpp(287,17): warning C4244: '=' : conversion de 'float' en 'sf::Uint8', perte possible de données
C:\Users\Emile\Desktop\Recherches\Human Academy\Emile-GPro2\Project\ConsoleApplication1\World.cpp(288,63): warning C4244: 'argument' : conversion de 'int' en 'float', perte possible de données
C:\Users\Emile\Desktop\Recherches\Human Academy\Emile-GPro2\Project\ConsoleApplication1\World.cpp(288,17): warning C4244: '=' : conversion de 'float' en 'sf::Uint8', perte possible de données
C:\Users\Emile\Desktop\Recherches\Human Academy\Emile-GPro2\Project\ConsoleApplication1\World.cpp(421,48): warning C4244: 'argument' : conversion de 'int' en 'float', perte possible de données
C:\Users\Emile\Desktop\Recherches\Human Academy\Emile-GPro2\Project\ConsoleApplication1\World.cpp(424,38): warning C4244: 'argument' : conversion de 'int' en 'float', perte possible de données
C:\Users\Emile\Desktop\Recherches\Human Academy\Emile-GPro2\Project\ConsoleApplication1\World.cpp(514,26): warning C4244: '=' : conversion de 'float' en 'sf::Uint8', perte possible de données
C:\Users\Emile\Desktop\Recherches\Human Academy\Emile-GPro2\Project\ConsoleApplication1\World.cpp(515,26): warning C4244: '=' : conversion de 'float' en 'sf::Uint8', perte possible de données
C:\Users\Emile\Desktop\Recherches\Human Academy\Emile-GPro2\Project\ConsoleApplication1\World.cpp(516,26): warning C4244: '=' : conversion de 'float' en 'sf::Uint8', perte possible de données
C:\Users\Emile\Desktop\Recherches\Human Academy\Emile-GPro2\Project\ConsoleApplication1\World.cpp(517,26): warning C4244: '=' : conversion de 'float' en 'sf::Uint8', perte possible de données
C:\Users\Emile\Desktop\Recherches\Human Academy\Emile-GPro2\Project\ConsoleApplication1\World.cpp(531,16): warning C4244: 'argument' : conversion de 'float' en 'sf::Uint8', perte possible de données
C:\Users\Emile\Desktop\Recherches\Human Academy\Emile-GPro2\Project\ConsoleApplication1\World.cpp(530,16): warning C4244: 'argument' : conversion de 'float' en 'sf::Uint8', perte possible de données
C:\Users\Emile\Desktop\Recherches\Human Academy\Emile-GPro2\Project\ConsoleApplication1\World.cpp(529,16): warning C4244: 'argument' : conversion de 'float' en 'sf::Uint8', perte possible de données
C:\Users\Emile\Desktop\Recherches\Human Academy\Emile-GPro2\Project\ConsoleApplication1\World.cpp(528,16): warning C4244: 'argument' : conversion de 'float' en 'sf::Uint8', perte possible de données
C:\Users\Emile\Desktop\Recherches\Human Academy\Emile-GPro2\Project\ConsoleApplication1\World.cpp(542,19): warning C4244: 'argument' : conversion de 'float' en 'sf::Uint8', perte possible de données
C:\Users\Emile\Desktop\Recherches\Human Academy\Emile-GPro2\Project\ConsoleApplication1\World.cpp(541,19): warning C4244: 'argument' : conversion de 'float' en 'sf::Uint8', perte possible de données
C:\Users\Emile\Desktop\Recherches\Human Academy\Emile-GPro2\Project\ConsoleApplication1\World.cpp(540,19): warning C4244: 'argument' : conversion de 'float' en 'sf::Uint8', perte possible de données
C:\Users\Emile\Desktop\Recherches\Human Academy\Emile-GPro2\Project\ConsoleApplication1\World.cpp(539,19): warning C4244: 'argument' : conversion de 'float' en 'sf::Uint8', perte possible de données
C:\Users\Emile\Desktop\Recherches\Human Academy\Emile-GPro2\Project\ConsoleApplication1\World.cpp(556,19): warning C4244: 'argument' : conversion de 'float' en 'sf::Uint8', perte possible de données
C:\Users\Emile\Desktop\Recherches\Human Academy\Emile-GPro2\Project\ConsoleApplication1\World.cpp(555,19): warning C4244: 'argument' : conversion de 'float' en 'sf::Uint8', perte possible de données
C:\Users\Emile\Desktop\Recherches\Human Academy\Emile-GPro2\Project\ConsoleApplication1\World.cpp(554,19): warning C4244: 'argument' : conversion de 'float' en 'sf::Uint8', perte possible de données
C:\Users\Emile\Desktop\Recherches\Human Academy\Emile-GPro2\Project\ConsoleApplication1\World.cpp(553,19): warning C4244: 'argument' : conversion de 'float' en 'sf::Uint8', perte possible de données
C:\Users\Emile\Desktop\Recherches\Human Academy\Emile-GPro2\Project\ConsoleApplication1\World.cpp(566,22): warning C4244: 'argument' : conversion de 'float' en 'sf::Uint8', perte possible de données
C:\Users\Emile\Desktop\Recherches\Human Academy\Emile-GPro2\Project\ConsoleApplication1\World.cpp(565,22): warning C4244: 'argument' : conversion de 'float' en 'sf::Uint8', perte possible de données
C:\Users\Emile\Desktop\Recherches\Human Academy\Emile-GPro2\Project\ConsoleApplication1\World.cpp(564,22): warning C4244: 'argument' : conversion de 'float' en 'sf::Uint8', perte possible de données
C:\Users\Emile\Desktop\Recherches\Human Academy\Emile-GPro2\Project\ConsoleApplication1\World.cpp(563,22): warning C4244: 'argument' : conversion de 'float' en 'sf::Uint8', perte possible de données
C:\Users\Emile\Desktop\Recherches\Human Academy\Emile-GPro2\Project\ConsoleApplication1\World.cpp(584,12): warning C4244: 'argument' : conversion de 'float' en 'sf::Uint8', perte possible de données
C:\Users\Emile\Desktop\Recherches\Human Academy\Emile-GPro2\Project\ConsoleApplication1\World.cpp(583,12): warning C4244: 'argument' : conversion de 'float' en 'sf::Uint8', perte possible de données
C:\Users\Emile\Desktop\Recherches\Human Academy\Emile-GPro2\Project\ConsoleApplication1\World.cpp(582,12): warning C4244: 'argument' : conversion de 'float' en 'sf::Uint8', perte possible de données
C:\Users\Emile\Desktop\Recherches\Human Academy\Emile-GPro2\Project\ConsoleApplication1\World.cpp(581,12): warning C4244: 'argument' : conversion de 'float' en 'sf::Uint8', perte possible de données
C:\Users\Emile\Desktop\Recherches\Human Academy\Emile-GPro2\Project\ConsoleApplication1\World.cpp(595,12): warning C4244: 'argument' : conversion de 'float' en 'sf::Uint8', perte possible de données
C:\Users\Emile\Desktop\Recherches\Human Academy\Emile-GPro2\Project\ConsoleApplication1\World.cpp(594,12): warning C4244: 'argument' : conversion de 'float' en 'sf::Uint8', perte possible de données
C:\Users\Emile\Desktop\Recherches\Human Academy\Emile-GPro2\Project\ConsoleApplication1\World.cpp(593,12): warning C4244: 'argument' : conversion de 'float' en 'sf::Uint8', perte possible de données
C:\Users\Emile\Desktop\Recherches\Human Academy\Emile-GPro2\Project\ConsoleApplication1\World.cpp(592,12): warning C4244: 'argument' : conversion de 'float' en 'sf::Uint8', perte possible de données
C:\Users\Emile\Desktop\Recherches\Human Academy\Emile-GPro2\Project\ConsoleApplication1\World.cpp(609,19): warning C4244: 'argument' : conversion de 'float' en 'sf::Uint8', perte possible de données
C:\Users\Emile\Desktop\Recherches\Human Academy\Emile-GPro2\Project\ConsoleApplication1\World.cpp(608,19): warning C4244: 'argument' : conversion de 'float' en 'sf::Uint8', perte possible de données
C:\Users\Emile\Desktop\Recherches\Human Academy\Emile-GPro2\Project\ConsoleApplication1\World.cpp(607,19): warning C4244: 'argument' : conversion de 'float' en 'sf::Uint8', perte possible de données
C:\Users\Emile\Desktop\Recherches\Human Academy\Emile-GPro2\Project\ConsoleApplication1\World.cpp(606,19): warning C4244: 'argument' : conversion de 'float' en 'sf::Uint8', perte possible de données
C:\Users\Emile\Desktop\Recherches\Human Academy\Emile-GPro2\Project\ConsoleApplication1\World.cpp(619,22): warning C4244: 'argument' : conversion de 'float' en 'sf::Uint8', perte possible de données
C:\Users\Emile\Desktop\Recherches\Human Academy\Emile-GPro2\Project\ConsoleApplication1\World.cpp(618,22): warning C4244: 'argument' : conversion de 'float' en 'sf::Uint8', perte possible de données
C:\Users\Emile\Desktop\Recherches\Human Academy\Emile-GPro2\Project\ConsoleApplication1\World.cpp(617,22): warning C4244: 'argument' : conversion de 'float' en 'sf::Uint8', perte possible de données
C:\Users\Emile\Desktop\Recherches\Human Academy\Emile-GPro2\Project\ConsoleApplication1\World.cpp(616,22): warning C4244: 'argument' : conversion de 'float' en 'sf::Uint8', perte possible de données
  Génération de code en cours
  4 of 2174 functions ( 0.2%) were compiled, the rest were copied from previous compilation.
    0 functions were new in current compilation
    30 functions had inline decision re-evaluated but remain unchanged
  Fin de la génération du code
  ConsoleApplication1.vcxproj -> C:\Users\Emile\Desktop\Recherches\Human Academy\Emile-GPro2\Project\ConsoleApplication1\x64\Release\ConsoleApplication1.exe
