c:\users\emile\desktop\recherches\human academy\emile-gpro2\project\consoleapplication1\x64\debug\vc142.pdb
c:\users\emile\desktop\recherches\human academy\emile-gpro2\project\consoleapplication1\x64\debug\vc142.idb
c:\users\emile\desktop\recherches\human academy\emile-gpro2\project\consoleapplication1\x64\debug\world.obj
c:\users\emile\desktop\recherches\human academy\emile-gpro2\project\consoleapplication1\x64\debug\int64array.obj
c:\users\emile\desktop\recherches\human academy\emile-gpro2\project\consoleapplication1\x64\debug\imgui_widgets.obj
c:\users\emile\desktop\recherches\human academy\emile-gpro2\project\consoleapplication1\x64\debug\imgui_tables.obj
c:\users\emile\desktop\recherches\human academy\emile-gpro2\project\consoleapplication1\x64\debug\imgui_draw.obj
c:\users\emile\desktop\recherches\human academy\emile-gpro2\project\consoleapplication1\x64\debug\imgui_demo.obj
c:\users\emile\desktop\recherches\human academy\emile-gpro2\project\consoleapplication1\x64\debug\imgui.obj
c:\users\emile\desktop\recherches\human academy\emile-gpro2\project\consoleapplication1\x64\debug\imgui-sfml.obj
c:\users\emile\desktop\recherches\human academy\emile-gpro2\project\consoleapplication1\x64\debug\game.obj
c:\users\emile\desktop\recherches\human academy\emile-gpro2\project\consoleapplication1\x64\debug\entity.obj
c:\users\emile\desktop\recherches\human academy\emile-gpro2\project\consoleapplication1\x64\debug\consoleapplication1.obj
c:\users\emile\desktop\recherches\human academy\emile-gpro2\project\consoleapplication1\x64\debug\command.obj
c:\users\emile\desktop\recherches\human academy\emile-gpro2\project\consoleapplication1\x64\debug\audio.obj
c:\users\emile\desktop\recherches\human academy\emile-gpro2\project\consoleapplication1\x64\debug\consoleapplication1.exe
c:\users\emile\desktop\recherches\human academy\emile-gpro2\project\consoleapplication1\x64\debug\consoleapplication1.ilk
c:\users\emile\desktop\recherches\human academy\emile-gpro2\project\consoleapplication1\x64\debug\consoleapplication1.pdb
c:\users\emile\desktop\recherches\human academy\emile-gpro2\project\consoleapplication1\x64\debug\consolea.0e6673ff.tlog\cl.command.1.tlog
c:\users\emile\desktop\recherches\human academy\emile-gpro2\project\consoleapplication1\x64\debug\consolea.0e6673ff.tlog\cl.read.1.tlog
c:\users\emile\desktop\recherches\human academy\emile-gpro2\project\consoleapplication1\x64\debug\consolea.0e6673ff.tlog\cl.write.1.tlog
c:\users\emile\desktop\recherches\human academy\emile-gpro2\project\consoleapplication1\x64\debug\consolea.0e6673ff.tlog\link.command.1.tlog
c:\users\emile\desktop\recherches\human academy\emile-gpro2\project\consoleapplication1\x64\debug\consolea.0e6673ff.tlog\link.read.1.tlog
c:\users\emile\desktop\recherches\human academy\emile-gpro2\project\consoleapplication1\x64\debug\consolea.0e6673ff.tlog\link.write.1.tlog
