  ConsoleApplication1.cpp
C:\Users\Emile\Desktop\Recherches\Human Academy\Emile-GPro2\Cours 7\ConsoleApplication1\Entity.h(39,20): warning C4244: 'argument' : conversion de 'int' en 'float', perte possible de données
C:\Users\Emile\Desktop\Recherches\Human Academy\Emile-GPro2\Cours 7\ConsoleApplication1\Entity.h(39,15): warning C4244: 'argument' : conversion de 'int' en 'float', perte possible de données
C:\Users\Emile\Desktop\Recherches\Human Academy\Emile-GPro2\Cours 7\ConsoleApplication1\Entity.h(72,10): warning C4244: '=' : conversion de 'float' en 'int', perte possible de données
C:\Users\Emile\Desktop\Recherches\Human Academy\Emile-GPro2\Cours 7\ConsoleApplication1\Entity.h(73,10): warning C4244: '=' : conversion de 'float' en 'int', perte possible de données
C:\Users\Emile\Desktop\Recherches\Human Academy\Emile-GPro2\Cours 7\ConsoleApplication1\Entity.h(84,26): warning C4244: 'return' : conversion de 'float' en 'int', perte possible de données
C:\Users\Emile\Desktop\Recherches\Human Academy\Emile-GPro2\Cours 7\ConsoleApplication1\Turtle.h(209,38): warning C4244: 'argument' : conversion de 'double' en 'float', perte possible de données
C:\Users\Emile\Desktop\Recherches\Human Academy\Emile-GPro2\Cours 7\ConsoleApplication1\Turtle.h(219,31): warning C4244: 'argument' : conversion de 'double' en 'float', perte possible de données
C:\Users\Emile\Desktop\Recherches\Human Academy\Emile-GPro2\Cours 7\ConsoleApplication1\Turtle.h(236,1): warning C4244: '+=' : conversion de 'double' en 'float', perte possible de données
C:\Users\Emile\Desktop\Recherches\Human Academy\Emile-GPro2\Cours 7\ConsoleApplication1\ConsoleApplication1.cpp(105,10): warning C4244: '=' : conversion de 'float' en 'int', perte possible de données
C:\Users\Emile\Desktop\Recherches\Human Academy\Emile-GPro2\Cours 7\ConsoleApplication1\ConsoleApplication1.cpp(106,10): warning C4244: '=' : conversion de 'float' en 'int', perte possible de données
  Entity.cpp
C:\Users\Emile\Desktop\Recherches\Human Academy\Emile-GPro2\Cours 7\ConsoleApplication1\Entity.h(39,20): warning C4244: 'argument' : conversion de 'int' en 'float', perte possible de données
C:\Users\Emile\Desktop\Recherches\Human Academy\Emile-GPro2\Cours 7\ConsoleApplication1\Entity.h(39,15): warning C4244: 'argument' : conversion de 'int' en 'float', perte possible de données
C:\Users\Emile\Desktop\Recherches\Human Academy\Emile-GPro2\Cours 7\ConsoleApplication1\Entity.h(72,10): warning C4244: '=' : conversion de 'float' en 'int', perte possible de données
C:\Users\Emile\Desktop\Recherches\Human Academy\Emile-GPro2\Cours 7\ConsoleApplication1\Entity.h(73,10): warning C4244: '=' : conversion de 'float' en 'int', perte possible de données
C:\Users\Emile\Desktop\Recherches\Human Academy\Emile-GPro2\Cours 7\ConsoleApplication1\Entity.h(84,26): warning C4244: 'return' : conversion de 'float' en 'int', perte possible de données
C:\Users\Emile\Desktop\Recherches\Human Academy\Emile-GPro2\Cours 7\ConsoleApplication1\Entity.cpp(5,19): warning C4244: '+=' : conversion de 'double' en 'float', perte possible de données
C:\Users\Emile\Desktop\Recherches\Human Academy\Emile-GPro2\Cours 7\ConsoleApplication1\Entity.cpp(54,55): warning C4244: 'argument' : conversion de 'float' en 'sf::Uint8', perte possible de données
C:\Users\Emile\Desktop\Recherches\Human Academy\Emile-GPro2\Cours 7\ConsoleApplication1\Entity.cpp(55,58): warning C4244: 'argument' : conversion de 'float' en 'sf::Uint8', perte possible de données
C:\Users\Emile\Desktop\Recherches\Human Academy\Emile-GPro2\Cours 7\ConsoleApplication1\Entity.cpp(57,22): warning C4244: '=' : conversion de 'double' en 'float', perte possible de données
  World.cpp
C:\Users\Emile\Desktop\Recherches\Human Academy\Emile-GPro2\Cours 7\ConsoleApplication1\Entity.h(39,20): warning C4244: 'argument' : conversion de 'int' en 'float', perte possible de données
C:\Users\Emile\Desktop\Recherches\Human Academy\Emile-GPro2\Cours 7\ConsoleApplication1\Entity.h(39,15): warning C4244: 'argument' : conversion de 'int' en 'float', perte possible de données
C:\Users\Emile\Desktop\Recherches\Human Academy\Emile-GPro2\Cours 7\ConsoleApplication1\Entity.h(72,10): warning C4244: '=' : conversion de 'float' en 'int', perte possible de données
C:\Users\Emile\Desktop\Recherches\Human Academy\Emile-GPro2\Cours 7\ConsoleApplication1\Entity.h(73,10): warning C4244: '=' : conversion de 'float' en 'int', perte possible de données
C:\Users\Emile\Desktop\Recherches\Human Academy\Emile-GPro2\Cours 7\ConsoleApplication1\Entity.h(84,26): warning C4244: 'return' : conversion de 'float' en 'int', perte possible de données
  Génération de code en cours...
  ConsoleApplication1.vcxproj -> C:\Users\Emile\Desktop\Recherches\Human Academy\Emile-GPro2\Cours 7\ConsoleApplication1\x64\Debug\ConsoleApplication1.exe
