  main.cpp
C:\WorkSpace\Emile-GPro2\Cours 4\SFML\SFML\Curve.h(21,39): warning C4244: 'argument' : conversion de 'T' en 'T', perte possible de données
          with
          [
              T=unsigned int
          ]
          and
          [
              T=float
          ]
C:\WorkSpace\Emile-GPro2\Cours 4\SFML\SFML\Curve.h(22,36): warning C4244: 'argument' : conversion de 'T' en 'T', perte possible de données
          with
          [
              T=unsigned int
          ]
          and
          [
              T=float
          ]
C:\WorkSpace\Emile-GPro2\Cours 4\SFML\SFML\Curve.h(42,36): warning C4244: 'argument' : conversion de 'T' en 'T', perte possible de données
          with
          [
              T=unsigned int
          ]
          and
          [
              T=float
          ]
C:\WorkSpace\Emile-GPro2\Cours 4\SFML\SFML\Boulette.h(35,1): warning C4244: '+=' : conversion de 'double' en '_Ty', perte possible de données
          with
          [
              _Ty=float
          ]
C:\WorkSpace\Emile-GPro2\Cours 4\SFML\SFML\Boulette.h(36,1): warning C4244: '+=' : conversion de 'double' en '_Ty', perte possible de données
          with
          [
              _Ty=float
          ]
C:\WorkSpace\Emile-GPro2\Cours 4\SFML\SFML\Boulette.h(47,1): warning C4267: 'initialisation' : conversion de 'size_t' en 'int', perte possible de données
C:\WorkSpace\Emile-GPro2\Cours 4\SFML\SFML\Boulette.h(47,1): warning C4267: 'initialisation' : conversion de 'size_t' en 'const int', perte possible de données
  Génération de code en cours
  1 of 213 functions ( 0.5%) were compiled, the rest were copied from previous compilation.
    0 functions were new in current compilation
    0 functions had inline decision re-evaluated but remain unchanged
  Fin de la génération du code
  SFML.vcxproj -> C:\WorkSpace\Emile-GPro2\Cours 4\SFML\x64\Release\SFML.exe
