  ConsoleApplication1.cpp
C:\Users\Emile\Desktop\Recherches\Human Academy\Emile-GPro2\Project\ConsoleApplication1\Tool.hpp(50,23): warning C4244: 'return' : conversion de 'double' en 'float', perte possible de données
C:\Users\Emile\Desktop\Recherches\Human Academy\Emile-GPro2\Project\ConsoleApplication1\Entity.h(87,26): warning C4244: 'return' : conversion de 'float' en 'int', perte possible de données
C:\Users\Emile\Desktop\Recherches\Human Academy\Emile-GPro2\Project\ConsoleApplication1\ConsoleApplication1.cpp(66,50): warning C4244: 'argument' : conversion de 'int' en 'float', perte possible de données
C:\Users\Emile\Desktop\Recherches\Human Academy\Emile-GPro2\Project\ConsoleApplication1\ConsoleApplication1.cpp(119,24): warning C4244: '-=' : conversion de 'double' en 'T', perte possible de données
          with
          [
              T=float
          ]
C:\Users\Emile\Desktop\Recherches\Human Academy\Emile-GPro2\Project\ConsoleApplication1\ConsoleApplication1.cpp(123,24): warning C4244: '+=' : conversion de 'double' en 'T', perte possible de données
          with
          [
              T=float
          ]
C:\Users\Emile\Desktop\Recherches\Human Academy\Emile-GPro2\Project\ConsoleApplication1\ConsoleApplication1.cpp(127,24): warning C4244: '-=' : conversion de 'double' en 'T', perte possible de données
          with
          [
              T=float
          ]
C:\Users\Emile\Desktop\Recherches\Human Academy\Emile-GPro2\Project\ConsoleApplication1\ConsoleApplication1.cpp(131,24): warning C4244: '+=' : conversion de 'double' en 'T', perte possible de données
          with
          [
              T=float
          ]
C:\Users\Emile\Desktop\Recherches\Human Academy\Emile-GPro2\Project\ConsoleApplication1\ConsoleApplication1.cpp(180,26): warning C4244: '=' : conversion de 'float' en 'sf::Uint8', perte possible de données
C:\Users\Emile\Desktop\Recherches\Human Academy\Emile-GPro2\Project\ConsoleApplication1\ConsoleApplication1.cpp(181,26): warning C4244: '=' : conversion de 'float' en 'sf::Uint8', perte possible de données
C:\Users\Emile\Desktop\Recherches\Human Academy\Emile-GPro2\Project\ConsoleApplication1\ConsoleApplication1.cpp(182,26): warning C4244: '=' : conversion de 'float' en 'sf::Uint8', perte possible de données
C:\Users\Emile\Desktop\Recherches\Human Academy\Emile-GPro2\Project\ConsoleApplication1\ConsoleApplication1.cpp(183,26): warning C4244: '=' : conversion de 'float' en 'sf::Uint8', perte possible de données
  Entity.cpp
C:\Users\Emile\Desktop\Recherches\Human Academy\Emile-GPro2\Project\ConsoleApplication1\Entity.h(87,26): warning C4244: 'return' : conversion de 'float' en 'int', perte possible de données
C:\Users\Emile\Desktop\Recherches\Human Academy\Emile-GPro2\Project\ConsoleApplication1\Tool.hpp(50,23): warning C4244: 'return' : conversion de 'double' en 'float', perte possible de données
C:\Users\Emile\Desktop\Recherches\Human Academy\Emile-GPro2\Project\ConsoleApplication1\Entity.cpp(8,19): warning C4244: '+=' : conversion de 'double' en 'T', perte possible de données
          with
          [
              T=float
          ]
C:\Users\Emile\Desktop\Recherches\Human Academy\Emile-GPro2\Project\ConsoleApplication1\Entity.cpp(9,19): warning C4244: '+=' : conversion de 'double' en 'T', perte possible de données
          with
          [
              T=float
          ]
C:\Users\Emile\Desktop\Recherches\Human Academy\Emile-GPro2\Project\ConsoleApplication1\Entity.cpp(107,18): warning C4244: '-=' : conversion de 'double' en 'float', perte possible de données
C:\Users\Emile\Desktop\Recherches\Human Academy\Emile-GPro2\Project\ConsoleApplication1\Entity.cpp(111,31): warning C4244: '+=' : conversion de 'double' en '_Ty', perte possible de données
          with
          [
              _Ty=float
          ]
C:\Users\Emile\Desktop\Recherches\Human Academy\Emile-GPro2\Project\ConsoleApplication1\Entity.cpp(112,31): warning C4244: '+=' : conversion de 'double' en '_Ty', perte possible de données
          with
          [
              _Ty=float
          ]
C:\Users\Emile\Desktop\Recherches\Human Academy\Emile-GPro2\Project\ConsoleApplication1\Entity.cpp(125,26): warning C4267: 'initialisation' : conversion de 'size_t' en 'int', perte possible de données
C:\Users\Emile\Desktop\Recherches\Human Academy\Emile-GPro2\Project\ConsoleApplication1\Entity.cpp(125,26): warning C4267: 'initialisation' : conversion de 'size_t' en 'const int', perte possible de données
  World.cpp
C:\Users\Emile\Desktop\Recherches\Human Academy\Emile-GPro2\Project\ConsoleApplication1\Entity.h(87,26): warning C4244: 'return' : conversion de 'float' en 'int', perte possible de données
C:\Users\Emile\Desktop\Recherches\Human Academy\Emile-GPro2\Project\ConsoleApplication1\Tool.hpp(50,23): warning C4244: 'return' : conversion de 'double' en 'float', perte possible de données
C:\Users\Emile\Desktop\Recherches\Human Academy\Emile-GPro2\Project\ConsoleApplication1\World.cpp(43,59): warning C4244: '-=' : conversion de 'double' en '_Ty', perte possible de données
          with
          [
              _Ty=float
          ]
C:\Users\Emile\Desktop\Recherches\Human Academy\Emile-GPro2\Project\ConsoleApplication1\World.cpp(44,59): warning C4244: '-=' : conversion de 'double' en '_Ty', perte possible de données
          with
          [
              _Ty=float
          ]
  Génération de code en cours
  0 of 2479 functions ( 0.0%) were compiled, the rest were copied from previous compilation.
    0 functions were new in current compilation
    0 functions had inline decision re-evaluated but remain unchanged
  Fin de la génération du code
  ConsoleApplication1.vcxproj -> C:\Users\Emile\Desktop\Recherches\Human Academy\Emile-GPro2\Project\ConsoleApplication1\x64\Release\ConsoleApplication1.exe
